Arguments: 
  C:\Program Files\nodejs\node.exe C:\Users\SoloZYC\AppData\Roaming\npm\node_modules\yarn\bin\yarn.js add webpack webpack-cli style-loader css-loader file-loader html-webpack-plugi

PATH: 
  C:\Program Files\Java\jdk1.8.0_261\bin;C:\Program Files\Java\jdk1.8.0_261\jre\bin;C:\Program Files (x86)\Common Files\Oracle\Java\javapath;C:\WINDOWS\system32;C:\WINDOWS;C:\WINDOWS\System32\Wbem;C:\WINDOWS\System32\WindowsPowerShell\v1.0\;C:\WINDOWS\System32\OpenSSH\;C:\Program Files\MySQL\MySQL Server 8.0\bin;C:\Program Files (x86)\NVIDIA Corporation\PhysX\Common;D:\DevInstall\apache-maven-3.6.3\bin;C:\WINDOWS\system32;C:\WINDOWS;C:\WINDOWS\System32\Wbem;C:\WINDOWS\System32\WindowsPowerShell\v1.0\;C:\WINDOWS\System32\OpenSSH\;D:\Program Files (x86)\Xshell 7\;D:\Program Files (x86)\Xftp 7\;C:\Program Files\dotnet\;D:\DevInstall\Git\cmd;D:\DevInstall\Git\bin;C:\Program Files\nodejs\;C:\ProgramData\chocolatey\bin;C:\Users\SoloZYC\anaconda3;C:\Users\SoloZYC\anaconda3\Scripts;C:\Users\SoloZYC\anaconda3\Library\bin;C:\Users\SoloZYC\AppData\Local\Microsoft\WindowsApps;C:\Program Files\Bandizip\;C:\Program Files\JetBrains\IntelliJ IDEA 2019.3.3\bin;;C:\Users\SoloZYC\AppData\Local\Programs\Microsoft VS Code\bin;C:\Users\SoloZYC\.dotnet\tools;C:\Users\SoloZYC\AppData\Roaming\npm;

Yarn version: 
  1.22.10

Node version: 
  14.16.1

Platform: 
  win32 x64

Trace: 
  Error: https://registry.npm.taobao.org/html-webpack-plugi: Not found
      at Request.params.callback [as _callback] (C:\Users\SoloZYC\AppData\Roaming\npm\node_modules\yarn\lib\cli.js:66988:18)
      at Request.self.callback (C:\Users\SoloZYC\AppData\Roaming\npm\node_modules\yarn\lib\cli.js:140662:22)
      at Request.emit (events.js:315:20)
      at Request.<anonymous> (C:\Users\SoloZYC\AppData\Roaming\npm\node_modules\yarn\lib\cli.js:141634:10)
      at Request.emit (events.js:315:20)
      at IncomingMessage.<anonymous> (C:\Users\SoloZYC\AppData\Roaming\npm\node_modules\yarn\lib\cli.js:141556:12)
      at Object.onceWrapper (events.js:421:28)
      at IncomingMessage.emit (events.js:327:22)
      at endReadableNT (internal/streams/readable.js:1327:12)
      at processTicksAndRejections (internal/process/task_queues.js:80:21)

npm manifest: 
  {
    "name": "devServer",
    "version": "1.0.0",
    "main": "index.js",
    "license": "MIT"
  }

yarn manifest: 
  No manifest

Lockfile: 
  No lockfile
