Arguments: 
  C:\Program Files\nodejs\node.exe C:\Users\SoloZYC\AppData\Roaming\npm\node_modules\yarn\bin\yarn.js add webpack webpack-cli --dev

PATH: 
  C:\Program Files\Java\jdk1.8.0_261\bin;C:\Program Files\Java\jdk1.8.0_261\jre\bin;C:\Program Files (x86)\Common Files\Oracle\Java\javapath;C:\WINDOWS\system32;C:\WINDOWS;C:\WINDOWS\System32\Wbem;C:\WINDOWS\System32\WindowsPowerShell\v1.0\;C:\WINDOWS\System32\OpenSSH\;C:\Program Files\MySQL\MySQL Server 8.0\bin;C:\Program Files (x86)\NVIDIA Corporation\PhysX\Common;D:\DevInstall\apache-maven-3.6.3\bin;C:\WINDOWS\system32;C:\WINDOWS;C:\WINDOWS\System32\Wbem;C:\WINDOWS\System32\WindowsPowerShell\v1.0\;C:\WINDOWS\System32\OpenSSH\;D:\Program Files (x86)\Xshell 7\;D:\Program Files (x86)\Xftp 7\;C:\Program Files\dotnet\;D:\DevInstall\Git\cmd;D:\DevInstall\Git\bin;C:\Program Files\nodejs\;C:\ProgramData\chocolatey\bin;C:\Users\SoloZYC\anaconda3;C:\Users\SoloZYC\anaconda3\Scripts;C:\Users\SoloZYC\anaconda3\Library\bin;C:\Users\SoloZYC\AppData\Local\Microsoft\WindowsApps;C:\Program Files\Bandizip\;C:\Program Files\JetBrains\IntelliJ IDEA 2019.3.3\bin;;C:\Users\SoloZYC\AppData\Local\Programs\Microsoft VS Code\bin;C:\Users\SoloZYC\.dotnet\tools;C:\Users\SoloZYC\AppData\Roaming\npm;

Yarn version: 
  1.22.10

Node version: 
  14.16.1

Platform: 
  win32 x64

Trace: 
  Error: connect ECONNREFUSED 192.168.31.1:443
      at TCPConnectWrap.afterConnect [as oncomplete] (net.js:1146:16)

npm manifest: 
  {
    "name": "webpack_study",
    "version": "1.0.0",
    "main": "index.js",
    "license": "MIT"
  }

yarn manifest: 
  No manifest

Lockfile: 
  No lockfile
